d:\programming\emulator\nes_emulator\emulator\emulator\x64\debug\vc143.pdb
d:\programming\emulator\nes_emulator\emulator\emulator\x64\debug\vc143.idb
d:\programming\emulator\nes_emulator\emulator\emulator\x64\debug\source.obj
d:\programming\emulator\nes_emulator\emulator\emulator\x64\debug\nf_ppu.obj
d:\programming\emulator\nes_emulator\emulator\emulator\x64\debug\nf_palette.obj
d:\programming\emulator\nes_emulator\emulator\emulator\x64\debug\nf_bus.obj
d:\programming\emulator\nes_emulator\emulator\emulator\x64\debug\cf_window.obj
d:\programming\emulator\nes_emulator\emulator\emulator\x64\debug\cf_controller.obj
d:\programming\emulator\nes_emulator\emulator\emulator\x64\debug\nf_debugger.obj
d:\programming\emulator\nes_emulator\emulator\emulator\x64\debug\nf_6502.obj
d:\programming\emulator\nes_emulator\emulator\emulator\x64\debug\nf_cartridge.obj
d:\programming\emulator\nes_emulator\emulator\x64\debug\tesseract41d.dll
d:\programming\emulator\nes_emulator\emulator\x64\debug\leptonica-1.81.1d.dll
d:\programming\emulator\nes_emulator\emulator\x64\debug\gif.dll
d:\programming\emulator\nes_emulator\emulator\x64\debug\jpeg62.dll
d:\programming\emulator\nes_emulator\emulator\x64\debug\libpng16d.dll
d:\programming\emulator\nes_emulator\emulator\x64\debug\zlibd1.dll
d:\programming\emulator\nes_emulator\emulator\x64\debug\tiffd.dll
d:\programming\emulator\nes_emulator\emulator\x64\debug\liblzma.dll
d:\programming\emulator\nes_emulator\emulator\x64\debug\libwebpmuxd.dll
d:\programming\emulator\nes_emulator\emulator\x64\debug\webpd.dll
d:\programming\emulator\nes_emulator\emulator\x64\debug\emulator.exe
d:\programming\emulator\nes_emulator\emulator\x64\debug\emulator.pdb
d:\programming\emulator\nes_emulator\emulator\emulator\x64\debug\emulator.ilk
d:\programming\emulator\nes_emulator\emulator\emulator\x64\debug\emulator.tlog\cl.command.1.tlog
d:\programming\emulator\nes_emulator\emulator\emulator\x64\debug\emulator.tlog\cl.items.tlog
d:\programming\emulator\nes_emulator\emulator\emulator\x64\debug\emulator.tlog\cl.read.1.tlog
d:\programming\emulator\nes_emulator\emulator\emulator\x64\debug\emulator.tlog\cl.write.1.tlog
d:\programming\emulator\nes_emulator\emulator\emulator\x64\debug\emulator.tlog\emulator.write.1u.tlog
d:\programming\emulator\nes_emulator\emulator\emulator\x64\debug\emulator.tlog\link.command.1.tlog
d:\programming\emulator\nes_emulator\emulator\emulator\x64\debug\emulator.tlog\link.read.1.tlog
d:\programming\emulator\nes_emulator\emulator\emulator\x64\debug\emulator.tlog\link.secondary.1.tlog
d:\programming\emulator\nes_emulator\emulator\emulator\x64\debug\emulator.tlog\link.write.1.tlog
